16:00:16.597 [main] ERROR repair.RepairEngine - usage: java RepairEngine <tracePointCorrection | funcCorrection> <json>
16:00:22.906 [main] ERROR repair.RepairEngine - usage: java RepairEngine <tracePointCorrection | funcCorrection> <json>
16:01:35.477 [main] ERROR repair.RepairEngine - usage: java RepairEngine <tracePointCorrection | funcCorrection> <json>
16:01:46.925 [main] ERROR repair.RepairEngine - usage: java RepairEngine <tracePointCorrection | funcCorrection> <json>
15:40:09.125 [main] INFO  repair.RepairEngine - Reading input from /Users/mattkramer/projects/JDial/repos/complete/backend/suggest/JDial-debugger/SkechObject/target/classes/conditional/basic/tracePointCorrection1.json
15:40:09.157 [main] INFO  repair.RepairEngine - Trace Point Correction Repair Initiating...
15:40:09.207 [main] DEBUG json_input.Trace - Trimming Tracepoints from target function: conditionalFunc and bound12
15:40:09.207 [main] DEBUG json_input.Trace - Bounds for trace points: [3-12]
15:40:09.207 [main] INFO  json_input.Trace - 7 trace points trimmed from trace
15:40:09.211 [main] DEBUG json_input.Trace - Found called functions for caller function: main:30
15:40:09.211 [main] DEBUG json_input.Trace - Called functions: [conditionalFunc]
15:40:09.211 [main] DEBUG repair.RepairEngine - Functions found in Traces: [conditionalFunc]
15:40:09.490 [main] DEBUG sketch_input.SketchScript - Constructing record state declarations...
15:40:09.492 [main] DEBUG sketch_input.SketchScript - Record State Declarations created:
int __jdial_final_conditionalFunc_result = 0;
int[10][1] __jdial_conditionalFunc_result_state = {{0,0,0,0,0,0,0,0,0,0}};
int[10][1] __jdial_conditionalFunc_a_state = {{0,0,0,0,0,0,0,0,0,0}};
int[10][1] __jdial_conditionalFunc_b_state = {{0,0,0,0,0,0,0,0,0,0}};
int __jdial_invoke_count = -1;

15:40:09.492 [main] DEBUG sketch_input.SketchScript - Constructing constraint function...
15:40:09.506 [main] ERROR sketch_input.CallSketch - Unable to execute sketch process
15:40:09.506 [main] DEBUG sketch_input.CallSketch - java.io.IOException: Cannot run program "sketch": error=2, No such file or directory
20:57:16.574 [main] DEBUG sketch_input.SketchOutputParser - Unchanged coeff __jdial_coeff_3 found in sketch output
20:57:16.577 [main] DEBUG sketch_input.SketchOutputParser - Adding coefficient to repair list: __jdial_coeff_4
20:57:16.578 [main] DEBUG sketch_input.SketchOutputParser - Unchanged coeff __jdial_coeff_2 found in sketch output
20:57:16.579 [main] DEBUG sketch_input.SketchOutputParser - Adding coefficient to repair list: __jdial_coeff_5
21:21:23.333 [main] DEBUG sketch_input.SketchOutputParser - Unchanged coeff __jdial_coeff_3 found in sketch output
21:21:23.336 [main] DEBUG sketch_input.SketchOutputParser - Adding coefficient to repair list: __jdial_coeff_4
21:21:23.337 [main] DEBUG sketch_input.SketchOutputParser - Unchanged coeff __jdial_coeff_2 found in sketch output
21:21:23.338 [main] DEBUG sketch_input.SketchOutputParser - Adding coefficient to repair list: __jdial_coeff_5
21:31:38.046 [main] DEBUG sketch_input.SketchOutputParser - Unchanged coeff __jdial_coeff_3 found in sketch output
21:31:38.049 [main] DEBUG sketch_input.SketchOutputParser - Adding coefficient to repair list: __jdial_coeff_4
21:31:38.049 [main] DEBUG sketch_input.SketchOutputParser - Unchanged coeff __jdial_coeff_2 found in sketch output
21:31:38.050 [main] DEBUG sketch_input.SketchOutputParser - Adding coefficient to repair list: __jdial_coeff_5
21:56:25.603 [main] DEBUG sketch_input.SketchOutputParser - Unchanged coeff __jdial_coeff_3 found in sketch output
21:56:25.606 [main] DEBUG sketch_input.SketchOutputParser - Adding coefficient to repair list: __jdial_coeff_4
21:56:25.606 [main] DEBUG sketch_input.SketchOutputParser - Unchanged coeff __jdial_coeff_2 found in sketch output
21:56:25.607 [main] DEBUG sketch_input.SketchOutputParser - Adding coefficient to repair list: __jdial_coeff_5
21:56:25.613 [main] ERROR sketch_input.SketchOutputParser - Error occured reading sketch output
21:56:40.260 [main] DEBUG sketch_input.SketchOutputParser - Unchanged coeff __jdial_coeff_3 found in sketch output
21:56:40.263 [main] DEBUG sketch_input.SketchOutputParser - Adding coefficient to repair list: __jdial_coeff_4
21:56:40.263 [main] DEBUG sketch_input.SketchOutputParser - Unchanged coeff __jdial_coeff_2 found in sketch output
21:56:40.264 [main] DEBUG sketch_input.SketchOutputParser - Adding coefficient to repair list: __jdial_coeff_5
21:56:40.270 [main] ERROR sketch_input.SketchOutputParser - Error occured reading sketch output
21:58:10.195 [main] DEBUG sketch_input.SketchOutputParser - Unchanged coeff __jdial_coeff_3 found in sketch output
21:58:10.198 [main] DEBUG sketch_input.SketchOutputParser - Adding coefficient to repair list: __jdial_coeff_4
21:58:10.199 [main] DEBUG sketch_input.SketchOutputParser - Unchanged coeff __jdial_coeff_2 found in sketch output
21:58:10.200 [main] DEBUG sketch_input.SketchOutputParser - Adding coefficient to repair list: __jdial_coeff_5
21:58:10.207 [main] ERROR sketch_input.SketchOutputParser - Error occured reading sketch output: java.io.IOException: File not found
21:58:10.208 [main] ERROR sketch_input.SketchOutputParser - [Ljava.lang.StackTraceElement;@333d4a8c
22:01:11.066 [main] DEBUG sketch_input.SketchOutputParser - Unchanged coeff __jdial_coeff_3 found in sketch output
22:01:11.068 [main] DEBUG sketch_input.SketchOutputParser - Adding coefficient to repair list: __jdial_coeff_4
22:01:11.069 [main] DEBUG sketch_input.SketchOutputParser - Unchanged coeff __jdial_coeff_2 found in sketch output
22:01:11.070 [main] DEBUG sketch_input.SketchOutputParser - Adding coefficient to repair list: __jdial_coeff_5
22:01:11.075 [main] ERROR sketch_input.SketchOutputParser - Error occured reading sketch output: java.io.IOException: File not found
22:01:11.075 [main] ERROR sketch_input.SketchOutputParser - [Ljava.lang.StackTraceElement;@333d4a8c
22:02:11.947 [main] DEBUG sketch_input.SketchOutputParser - Unchanged coeff __jdial_coeff_3 found in sketch output
22:02:11.949 [main] DEBUG sketch_input.SketchOutputParser - Adding coefficient to repair list: __jdial_coeff_4
22:02:11.950 [main] DEBUG sketch_input.SketchOutputParser - Unchanged coeff __jdial_coeff_2 found in sketch output
22:02:11.951 [main] DEBUG sketch_input.SketchOutputParser - Adding coefficient to repair list: __jdial_coeff_5
22:02:11.957 [main] ERROR sketch_input.SketchOutputParser - Error occured reading sketch output: java.io.IOException: File not found
22:02:11.957 [main] ERROR sketch_input.SketchOutputParser - [Ljava.lang.StackTraceElement;@60f00693
08:23:57.283 [main] WARN  sketch_input.SketchOutputParser - Unable to parse repaired value assignment line
08:23:57.285 [main] WARN  sketch_input.SketchOutputParser - [Ljava.lang.StackTraceElement;@eadd4fb
08:23:57.288 [main] DEBUG sketch_input.SketchOutputParser - Unchanged coeff __jdial_coeff_3 found in sketch output
08:23:57.289 [main] DEBUG sketch_input.SketchOutputParser - Adding coefficient to repair list: __jdial_coeff_4
08:23:57.290 [main] DEBUG sketch_input.SketchOutputParser - Unchanged coeff __jdial_coeff_2 found in sketch output
08:23:57.291 [main] DEBUG sketch_input.SketchOutputParser - Adding coefficient to repair list: __jdial_coeff_5
08:23:57.297 [main] ERROR sketch_input.SketchOutputParser - Error occured reading sketch output: java.io.IOException: File not found
08:23:57.297 [main] ERROR sketch_input.SketchOutputParser - [Ljava.lang.StackTraceElement;@30f842ca
08:24:49.535 [main] WARN  sketch_input.SketchOutputParser - Unable to parse repaired value assignment line
08:24:49.537 [main] WARN  sketch_input.SketchOutputParser - [Ljava.lang.StackTraceElement;@eadd4fb
08:24:49.540 [main] DEBUG sketch_input.SketchOutputParser - Unchanged coeff __jdial_coeff_3 found in sketch output
08:24:49.541 [main] DEBUG sketch_input.SketchOutputParser - Adding coefficient to repair list: __jdial_coeff_4
08:24:49.541 [main] DEBUG sketch_input.SketchOutputParser - Unchanged coeff __jdial_coeff_2 found in sketch output
08:24:49.542 [main] DEBUG sketch_input.SketchOutputParser - Adding coefficient to repair list: __jdial_coeff_5
08:24:49.547 [main] ERROR sketch_input.SketchOutputParser - Error occured reading sketch output: java.io.IOException: File not found
08:24:49.547 [main] ERROR sketch_input.SketchOutputParser - [Ljava.lang.StackTraceElement;@30f842ca
08:28:21.927 [main] WARN  sketch_input.SketchOutputParser - Unable to parse repaired value assignment line
08:28:21.929 [main] WARN  sketch_input.SketchOutputParser - [Ljava.lang.StackTraceElement;@eadd4fb
08:28:21.933 [main] DEBUG sketch_input.SketchOutputParser - Unchanged coeff __jdial_coeff_3 found in sketch output
08:28:21.933 [main] DEBUG sketch_input.SketchOutputParser - Adding coefficient to repair list: __jdial_coeff_4
08:28:21.934 [main] DEBUG sketch_input.SketchOutputParser - Unchanged coeff __jdial_coeff_2 found in sketch output
08:28:21.935 [main] DEBUG sketch_input.SketchOutputParser - Adding coefficient to repair list: __jdial_coeff_5
08:28:21.940 [main] ERROR sketch_input.SketchOutputParser - Error occured reading sketch output: java.io.IOException: File not found
08:28:21.941 [main] ERROR sketch_input.SketchOutputParser - [Ljava.lang.StackTraceElement;@30f842ca
08:28:21.943 [main] WARN  sketch_input.SketchOutputParser - Found non-int repair value: a
08:28:21.943 [main] WARN  sketch_input.SketchOutputParser - [Ljava.lang.StackTraceElement;@69c81773
08:47:06.805 [main] WARN  sketch.output.SketchOutputParser - Unable to parse repaired value assignment line
08:47:06.807 [main] WARN  sketch.output.SketchOutputParser - [Ljava.lang.StackTraceElement;@eadd4fb
08:47:06.810 [main] DEBUG sketch.output.SketchOutputParser - Unchanged coeff __jdial_coeff_3 found in sketch output
08:47:06.811 [main] DEBUG sketch.output.SketchOutputParser - Adding coefficient to repair list: __jdial_coeff_4
08:47:06.812 [main] DEBUG sketch.output.SketchOutputParser - Unchanged coeff __jdial_coeff_2 found in sketch output
08:47:06.813 [main] DEBUG sketch.output.SketchOutputParser - Adding coefficient to repair list: __jdial_coeff_5
08:47:06.818 [main] ERROR sketch.output.SketchOutputParser - Error occured reading sketch output: java.io.IOException: File not found
08:47:06.818 [main] ERROR sketch.output.SketchOutputParser - [Ljava.lang.StackTraceElement;@30f842ca
08:47:06.820 [main] WARN  sketch.output.SketchOutputParser - Found non-int repair value: a
08:47:06.820 [main] WARN  sketch.output.SketchOutputParser - [Ljava.lang.StackTraceElement;@69c81773
10:26:57.162 [main] DEBUG sketch.input.SketchInvoker - Writing sketch input to /tmp/jdial-fer8ds8dsdf8r3j8
10:27:53.935 [main] DEBUG sketch.input.SketchInvoker - Writing sketch input to /tmp/jdial-fer8ds8dsdf8r3j8
