Terminals unused in grammar

   T_bool
   T_NativeCode
   T_ppls
   T_mmns
   T_For
   T_Native
   T_NativeMethod
   T_new


Grammar

    0 $accept: Program $end

    1 Program: Typedef MethodList T_eof

    2 MethodList: /* empty */
    3           | Method MethodList
    4           | HLAssertion MethodList

    5 InList: T_ident

    6 $@1: /* empty */

    7 InList: T_ident $@1 InList

    8 OutList: T_ident
    9        | T_ident OutList

   10 ParamDecl: T_vartype T_ident
   11          | T_ident T_ident
   12          | '!' T_vartype T_ident
   13          | '!' T_ident T_ident
   14          | T_vartype '[' '*' ConstantExpr ']' T_ident
   15          | T_ident '[' '*' ConstantExpr ']' T_ident
   16          | '!' T_vartype '[' '*' ConstantExpr ']' T_ident
   17          | '!' T_ident '[' '*' ConstantExpr ']' T_ident

   18 $@2: /* empty */

   19 ParamDecl: T_vartype '[' ConstantExpr ']' $@2 InList

   20 $@3: /* empty */

   21 ParamDecl: T_ident '[' ConstantExpr ']' $@3 InList
   22          | '!' T_vartype '[' ConstantExpr ']' OutList
   23          | '!' T_ident '[' ConstantExpr ']' OutList

   24 ParamList: /* empty */
   25          | ParamDecl
   26          | ParamDecl ',' ParamList

   27 Mhelp: T_mdldef
   28      | T_def

   29 $@4: /* empty */

   30 Method: Mhelp T_ident $@4 '(' ParamList ')' '{' WorkBody '}'

   31 TupleType: T_vartype
   32          | T_ident

   33 TupleTypeList: /* empty */
   34              | TupleTypeList TupleType

   35 TypeLine: T_ident '(' TupleTypeList ')'

   36 TypeList: /* empty */
   37         | TypeList TypeLine

   38 Typedef: /* empty */
   39        | T_Typedef '{' TypeList '}'

   40 AssertionExpr: T_ident T_Sketches T_ident

   41 $@5: /* empty */

   42 HLAssertion: T_assert $@5 AssertionExpr ';'
   43            | T_ident '(' TokenList ')' ';'

   44 TokenList: /* empty */
   45          | T_ident TokenList
   46          | T_string TokenList

   47 WorkBody: /* empty */
   48         | WorkBody WorkStatement

   49 WorkStatement: ';'
   50              | T_ident '=' Expression ';'
   51              | '$' IdentList T_twoS varList '$' '[' Expression ']' '=' Expression ';'
   52              | T_OutIdent '=' Expression ';'
   53              | T_assert Expression ';'
   54              | T_assert Expression ':' T_string ';'
   55              | T_assume Expression OptionalMsg ';'

   56 OptionalMsg: ':' T_string
   57            | /* empty */

   58 Expression: Term
   59           | Term '&' Term
   60           | Term T_and Term
   61           | Term '|' Term
   62           | Term T_or Term
   63           | Term '^' Term
   64           | Term T_neq Term
   65           | Term T_eq Term
   66           | T_ident '[' Expression ']'
   67           | Term '.' '[' NegConstant ']'
   68           | NegConstant '[' Expression ']'
   69           | T_ident '[' '[' Expression T_arrow Expression ']' ']'
   70           | NegConstant '[' '[' Expression T_arrow Expression ']' ']'
   71           | '$' varList '$' '[' Expression ']'
   72           | T_leftAC varList T_rightAC
   73           | '[' T_ident ']' T_leftTC varList T_rightTC
   74           | T_twoS varList T_twoS
   75           | Term '+' Term
   76           | Term '/' Term
   77           | Term '%' Term
   78           | Term '*' Term
   79           | Term '-' Term
   80           | Term '>' Term
   81           | Term '<' Term
   82           | Term T_ge Term
   83           | Term T_le Term
   84           | Expression '?' Expression ':' Expression

   85 varList: /* empty */
   86        | Term varList

   87 IdentList: T_ident
   88          | T_ident IdentList

   89 Term: Constant
   90     | T_dbl
   91     | T_ident '[' '*' T_ident ']' '(' varList ')' '(' Expression ')' '[' T_ident ',' Constant ']'
   92     | T_ident '[' T_vartype ']' '(' varList ')' '(' Expression ')' '[' T_ident ',' Constant ']'
   93     | '-' Term
   94     | '!' Term
   95     | '(' Expression ')'
   96     | Ident
   97     | '<' Ident '>'
   98     | '<' Ident Constant '>'
   99     | '<' Ident Constant '*' '>'
  100     | T_Min '<' Ident '>'
  101     | T_Min '<' Ident Constant '>'
  102     | T_Min '<' Ident Constant '*' '>'

  103 ConstantExpr: ConstantTerm
  104             | ConstantExpr '+' ConstantTerm
  105             | ConstantExpr '-' ConstantTerm

  106 ConstantTerm: NegConstant
  107             | '(' ConstantTerm ')'
  108             | ConstantTerm '*' ConstantTerm
  109             | ConstantTerm '/' ConstantTerm
  110             | ConstantTerm '%' ConstantTerm

  111 NegConstant: Constant
  112            | '-' Constant

  113 Constant: T_int
  114         | T_true
  115         | T_false

  116 Ident: T_ident


Terminals, with rules where they appear

$end (0) 0
'!' (33) 12 13 16 17 22 23 94
'$' (36) 51 71
'%' (37) 77 110
'&' (38) 59
'(' (40) 30 35 43 91 92 95 107
')' (41) 30 35 43 91 92 95 107
'*' (42) 14 15 16 17 78 91 99 102 108
'+' (43) 75 104
',' (44) 26 91 92
'-' (45) 79 93 105 112
'.' (46) 67
'/' (47) 76 109
':' (58) 54 56 84
';' (59) 42 43 49 50 51 52 53 54 55
'<' (60) 81 97 98 99 100 101 102
'=' (61) 50 51 52
'>' (62) 80 97 98 99 100 101 102
'?' (63) 84
'[' (91) 14 15 16 17 19 21 22 23 51 66 67 68 69 70 71 73 91 92
']' (93) 14 15 16 17 19 21 22 23 51 66 67 68 69 70 71 73 91 92
'^' (94) 63
'{' (123) 30 39
'|' (124) 61
'}' (125) 30 39
error (256)
T_dbl (258) 90
T_int (259) 113
T_bool (260)
T_ident (261) 5 7 8 9 10 11 12 13 14 15 16 17 21 23 30 32 35 40 43
    45 50 66 69 73 87 88 91 92 116
T_OutIdent (262) 52
T_NativeCode (263)
T_string (264) 46 54 56
T_true (265) 114
T_false (266) 115
T_vartype (267) 10 12 14 16 19 22 31 92
T_rightAC (268) 72
T_leftAC (269) 72
T_rightTC (270) 73
T_leftTC (271) 73
T_arrow (272) 69 70
T_twoS (273) 51 74
T_ppls (274)
T_mmns (275)
T_eq (276) 65
T_neq (277) 64
T_and (278) 60
T_or (279) 62
T_For (280)
T_ge (281) 82
T_le (282) 83
T_Native (283)
T_NativeMethod (284)
T_Sketches (285) 40
T_new (286)
T_Typedef (287) 39
T_def (288) 28
T_mdldef (289) 27
T_Min (290) 100 101 102
T_assert (291) 42 53 54
T_assume (292) 55
T_eof (293) 1


Nonterminals, with rules where they appear

$accept (63)
    on left: 0
Program (64)
    on left: 1, on right: 0
MethodList (65)
    on left: 2 3 4, on right: 1 3 4
InList (66)
    on left: 5 7, on right: 7 19 21
$@1 (67)
    on left: 6, on right: 7
OutList (68)
    on left: 8 9, on right: 9 22 23
ParamDecl (69)
    on left: 10 11 12 13 14 15 16 17 19 21 22 23, on right: 25 26
$@2 (70)
    on left: 18, on right: 19
$@3 (71)
    on left: 20, on right: 21
ParamList (72)
    on left: 24 25 26, on right: 26 30
Mhelp (73)
    on left: 27 28, on right: 30
Method (74)
    on left: 30, on right: 3
$@4 (75)
    on left: 29, on right: 30
TupleType (76)
    on left: 31 32, on right: 34
TupleTypeList (77)
    on left: 33 34, on right: 34 35
TypeLine (78)
    on left: 35, on right: 37
TypeList (79)
    on left: 36 37, on right: 37 39
Typedef (80)
    on left: 38 39, on right: 1
AssertionExpr (81)
    on left: 40, on right: 42
HLAssertion (82)
    on left: 42 43, on right: 4
$@5 (83)
    on left: 41, on right: 42
TokenList (84)
    on left: 44 45 46, on right: 43 45 46
WorkBody (85)
    on left: 47 48, on right: 30 48
WorkStatement (86)
    on left: 49 50 51 52 53 54 55, on right: 48
OptionalMsg (87)
    on left: 56 57, on right: 55
Expression (88)
    on left: 58 59 60 61 62 63 64 65 66 67 68 69 70 71 72 73 74 75
    76 77 78 79 80 81 82 83 84, on right: 50 51 52 53 54 55 66 68 69
    70 71 84 91 92 95
varList (89)
    on left: 85 86, on right: 51 71 72 73 74 86 91 92
IdentList (90)
    on left: 87 88, on right: 51 88
Term (91)
    on left: 89 90 91 92 93 94 95 96 97 98 99 100 101 102, on right:
    58 59 60 61 62 63 64 65 67 75 76 77 78 79 80 81 82 83 86 93 94
ConstantExpr (92)
    on left: 103 104 105, on right: 14 15 16 17 19 21 22 23 104 105
ConstantTerm (93)
    on left: 106 107 108 109 110, on right: 103 104 105 107 108 109
    110
NegConstant (94)
    on left: 111 112, on right: 67 68 70 106
Constant (95)
    on left: 113 114 115, on right: 89 91 92 98 99 101 102 111 112
Ident (96)
    on left: 116, on right: 96 97 98 99 100 101 102


state 0

    0 $accept: . Program $end

    T_Typedef  shift, and go to state 1

    $default  reduce using rule 38 (Typedef)

    Program  go to state 2
    Typedef  go to state 3


state 1

   39 Typedef: T_Typedef . '{' TypeList '}'

    '{'  shift, and go to state 4


state 2

    0 $accept: Program . $end

    $end  shift, and go to state 5


state 3

    1 Program: Typedef . MethodList T_eof

    T_ident   shift, and go to state 6
    T_def     shift, and go to state 7
    T_mdldef  shift, and go to state 8
    T_assert  shift, and go to state 9

    $default  reduce using rule 2 (MethodList)

    MethodList   go to state 10
    Mhelp        go to state 11
    Method       go to state 12
    HLAssertion  go to state 13


state 4

   39 Typedef: T_Typedef '{' . TypeList '}'

    $default  reduce using rule 36 (TypeList)

    TypeList  go to state 14


state 5

    0 $accept: Program $end .

    $default  accept


state 6

   43 HLAssertion: T_ident . '(' TokenList ')' ';'

    '('  shift, and go to state 15


state 7

   28 Mhelp: T_def .

    $default  reduce using rule 28 (Mhelp)


state 8

   27 Mhelp: T_mdldef .

    $default  reduce using rule 27 (Mhelp)


state 9

   42 HLAssertion: T_assert . $@5 AssertionExpr ';'

    $default  reduce using rule 41 ($@5)

    $@5  go to state 16


state 10

    1 Program: Typedef MethodList . T_eof

    T_eof  shift, and go to state 17


state 11

   30 Method: Mhelp . T_ident $@4 '(' ParamList ')' '{' WorkBody '}'

    T_ident  shift, and go to state 18


state 12

    3 MethodList: Method . MethodList

    T_ident   shift, and go to state 6
    T_def     shift, and go to state 7
    T_mdldef  shift, and go to state 8
    T_assert  shift, and go to state 9

    $default  reduce using rule 2 (MethodList)

    MethodList   go to state 19
    Mhelp        go to state 11
    Method       go to state 12
    HLAssertion  go to state 13


state 13

    4 MethodList: HLAssertion . MethodList

    T_ident   shift, and go to state 6
    T_def     shift, and go to state 7
    T_mdldef  shift, and go to state 8
    T_assert  shift, and go to state 9

    $default  reduce using rule 2 (MethodList)

    MethodList   go to state 20
    Mhelp        go to state 11
    Method       go to state 12
    HLAssertion  go to state 13


state 14

   37 TypeList: TypeList . TypeLine
   39 Typedef: T_Typedef '{' TypeList . '}'

    T_ident  shift, and go to state 21
    '}'      shift, and go to state 22

    TypeLine  go to state 23


state 15

   43 HLAssertion: T_ident '(' . TokenList ')' ';'

    T_ident   shift, and go to state 24
    T_string  shift, and go to state 25

    $default  reduce using rule 44 (TokenList)

    TokenList  go to state 26


state 16

   42 HLAssertion: T_assert $@5 . AssertionExpr ';'

    T_ident  shift, and go to state 27

    AssertionExpr  go to state 28


state 17

    1 Program: Typedef MethodList T_eof .

    $default  reduce using rule 1 (Program)


state 18

   30 Method: Mhelp T_ident . $@4 '(' ParamList ')' '{' WorkBody '}'

    $default  reduce using rule 29 ($@4)

    $@4  go to state 29


state 19

    3 MethodList: Method MethodList .

    $default  reduce using rule 3 (MethodList)


state 20

    4 MethodList: HLAssertion MethodList .

    $default  reduce using rule 4 (MethodList)


state 21

   35 TypeLine: T_ident . '(' TupleTypeList ')'

    '('  shift, and go to state 30


state 22

   39 Typedef: T_Typedef '{' TypeList '}' .

    $default  reduce using rule 39 (Typedef)


state 23

   37 TypeList: TypeList TypeLine .

    $default  reduce using rule 37 (TypeList)


state 24

   45 TokenList: T_ident . TokenList

    T_ident   shift, and go to state 24
    T_string  shift, and go to state 25

    $default  reduce using rule 44 (TokenList)

    TokenList  go to state 31


state 25

   46 TokenList: T_string . TokenList

    T_ident   shift, and go to state 24
    T_string  shift, and go to state 25

    $default  reduce using rule 44 (TokenList)

    TokenList  go to state 32


state 26

   43 HLAssertion: T_ident '(' TokenList . ')' ';'

    ')'  shift, and go to state 33


state 27

   40 AssertionExpr: T_ident . T_Sketches T_ident

    T_Sketches  shift, and go to state 34


state 28

   42 HLAssertion: T_assert $@5 AssertionExpr . ';'

    ';'  shift, and go to state 35


state 29

   30 Method: Mhelp T_ident $@4 . '(' ParamList ')' '{' WorkBody '}'

    '('  shift, and go to state 36


state 30

   35 TypeLine: T_ident '(' . TupleTypeList ')'

    $default  reduce using rule 33 (TupleTypeList)

    TupleTypeList  go to state 37


state 31

   45 TokenList: T_ident TokenList .

    $default  reduce using rule 45 (TokenList)


state 32

   46 TokenList: T_string TokenList .

    $default  reduce using rule 46 (TokenList)


state 33

   43 HLAssertion: T_ident '(' TokenList ')' . ';'

    ';'  shift, and go to state 38


state 34

   40 AssertionExpr: T_ident T_Sketches . T_ident

    T_ident  shift, and go to state 39


state 35

   42 HLAssertion: T_assert $@5 AssertionExpr ';' .

    $default  reduce using rule 42 (HLAssertion)


state 36

   30 Method: Mhelp T_ident $@4 '(' . ParamList ')' '{' WorkBody '}'

    T_ident    shift, and go to state 40
    T_vartype  shift, and go to state 41
    '!'        shift, and go to state 42

    $default  reduce using rule 24 (ParamList)

    ParamDecl  go to state 43
    ParamList  go to state 44


state 37

   34 TupleTypeList: TupleTypeList . TupleType
   35 TypeLine: T_ident '(' TupleTypeList . ')'

    T_ident    shift, and go to state 45
    T_vartype  shift, and go to state 46
    ')'        shift, and go to state 47

    TupleType  go to state 48


state 38

   43 HLAssertion: T_ident '(' TokenList ')' ';' .

    $default  reduce using rule 43 (HLAssertion)


state 39

   40 AssertionExpr: T_ident T_Sketches T_ident .

    $default  reduce using rule 40 (AssertionExpr)


state 40

   11 ParamDecl: T_ident . T_ident
   15          | T_ident . '[' '*' ConstantExpr ']' T_ident
   21          | T_ident . '[' ConstantExpr ']' $@3 InList

    T_ident  shift, and go to state 49
    '['      shift, and go to state 50


state 41

   10 ParamDecl: T_vartype . T_ident
   14          | T_vartype . '[' '*' ConstantExpr ']' T_ident
   19          | T_vartype . '[' ConstantExpr ']' $@2 InList

    T_ident  shift, and go to state 51
    '['      shift, and go to state 52


state 42

   12 ParamDecl: '!' . T_vartype T_ident
   13          | '!' . T_ident T_ident
   16          | '!' . T_vartype '[' '*' ConstantExpr ']' T_ident
   17          | '!' . T_ident '[' '*' ConstantExpr ']' T_ident
   22          | '!' . T_vartype '[' ConstantExpr ']' OutList
   23          | '!' . T_ident '[' ConstantExpr ']' OutList

    T_ident    shift, and go to state 53
    T_vartype  shift, and go to state 54


state 43

   25 ParamList: ParamDecl .
   26          | ParamDecl . ',' ParamList

    ','  shift, and go to state 55

    $default  reduce using rule 25 (ParamList)


state 44

   30 Method: Mhelp T_ident $@4 '(' ParamList . ')' '{' WorkBody '}'

    ')'  shift, and go to state 56


state 45

   32 TupleType: T_ident .

    $default  reduce using rule 32 (TupleType)


state 46

   31 TupleType: T_vartype .

    $default  reduce using rule 31 (TupleType)


state 47

   35 TypeLine: T_ident '(' TupleTypeList ')' .

    $default  reduce using rule 35 (TypeLine)


state 48

   34 TupleTypeList: TupleTypeList TupleType .

    $default  reduce using rule 34 (TupleTypeList)


state 49

   11 ParamDecl: T_ident T_ident .

    $default  reduce using rule 11 (ParamDecl)


state 50

   15 ParamDecl: T_ident '[' . '*' ConstantExpr ']' T_ident
   21          | T_ident '[' . ConstantExpr ']' $@3 InList

    T_int    shift, and go to state 57
    T_true   shift, and go to state 58
    T_false  shift, and go to state 59
    '*'      shift, and go to state 60
    '('      shift, and go to state 61
    '-'      shift, and go to state 62

    ConstantExpr  go to state 63
    ConstantTerm  go to state 64
    NegConstant   go to state 65
    Constant      go to state 66


state 51

   10 ParamDecl: T_vartype T_ident .

    $default  reduce using rule 10 (ParamDecl)


state 52

   14 ParamDecl: T_vartype '[' . '*' ConstantExpr ']' T_ident
   19          | T_vartype '[' . ConstantExpr ']' $@2 InList

    T_int    shift, and go to state 57
    T_true   shift, and go to state 58
    T_false  shift, and go to state 59
    '*'      shift, and go to state 67
    '('      shift, and go to state 61
    '-'      shift, and go to state 62

    ConstantExpr  go to state 68
    ConstantTerm  go to state 64
    NegConstant   go to state 65
    Constant      go to state 66


state 53

   13 ParamDecl: '!' T_ident . T_ident
   17          | '!' T_ident . '[' '*' ConstantExpr ']' T_ident
   23          | '!' T_ident . '[' ConstantExpr ']' OutList

    T_ident  shift, and go to state 69
    '['      shift, and go to state 70


state 54

   12 ParamDecl: '!' T_vartype . T_ident
   16          | '!' T_vartype . '[' '*' ConstantExpr ']' T_ident
   22          | '!' T_vartype . '[' ConstantExpr ']' OutList

    T_ident  shift, and go to state 71
    '['      shift, and go to state 72


state 55

   26 ParamList: ParamDecl ',' . ParamList

    T_ident    shift, and go to state 40
    T_vartype  shift, and go to state 41
    '!'        shift, and go to state 42

    $default  reduce using rule 24 (ParamList)

    ParamDecl  go to state 43
    ParamList  go to state 73


state 56

   30 Method: Mhelp T_ident $@4 '(' ParamList ')' . '{' WorkBody '}'

    '{'  shift, and go to state 74


state 57

  113 Constant: T_int .

    $default  reduce using rule 113 (Constant)


state 58

  114 Constant: T_true .

    $default  reduce using rule 114 (Constant)


state 59

  115 Constant: T_false .

    $default  reduce using rule 115 (Constant)


state 60

   15 ParamDecl: T_ident '[' '*' . ConstantExpr ']' T_ident

    T_int    shift, and go to state 57
    T_true   shift, and go to state 58
    T_false  shift, and go to state 59
    '('      shift, and go to state 61
    '-'      shift, and go to state 62

    ConstantExpr  go to state 75
    ConstantTerm  go to state 64
    NegConstant   go to state 65
    Constant      go to state 66


state 61

  107 ConstantTerm: '(' . ConstantTerm ')'

    T_int    shift, and go to state 57
    T_true   shift, and go to state 58
    T_false  shift, and go to state 59
    '('      shift, and go to state 61
    '-'      shift, and go to state 62

    ConstantTerm  go to state 76
    NegConstant   go to state 65
    Constant      go to state 66


state 62

  112 NegConstant: '-' . Constant

    T_int    shift, and go to state 57
    T_true   shift, and go to state 58
    T_false  shift, and go to state 59

    Constant  go to state 77


state 63

   21 ParamDecl: T_ident '[' ConstantExpr . ']' $@3 InList
  104 ConstantExpr: ConstantExpr . '+' ConstantTerm
  105             | ConstantExpr . '-' ConstantTerm

    '+'  shift, and go to state 78
    ']'  shift, and go to state 79
    '-'  shift, and go to state 80


state 64

  103 ConstantExpr: ConstantTerm .
  108 ConstantTerm: ConstantTerm . '*' ConstantTerm
  109             | ConstantTerm . '/' ConstantTerm
  110             | ConstantTerm . '%' ConstantTerm

    '*'  shift, and go to state 81
    '/'  shift, and go to state 82
    '%'  shift, and go to state 83

    $default  reduce using rule 103 (ConstantExpr)


state 65

  106 ConstantTerm: NegConstant .

    $default  reduce using rule 106 (ConstantTerm)


state 66

  111 NegConstant: Constant .

    $default  reduce using rule 111 (NegConstant)


state 67

   14 ParamDecl: T_vartype '[' '*' . ConstantExpr ']' T_ident

    T_int    shift, and go to state 57
    T_true   shift, and go to state 58
    T_false  shift, and go to state 59
    '('      shift, and go to state 61
    '-'      shift, and go to state 62

    ConstantExpr  go to state 84
    ConstantTerm  go to state 64
    NegConstant   go to state 65
    Constant      go to state 66


state 68

   19 ParamDecl: T_vartype '[' ConstantExpr . ']' $@2 InList
  104 ConstantExpr: ConstantExpr . '+' ConstantTerm
  105             | ConstantExpr . '-' ConstantTerm

    '+'  shift, and go to state 78
    ']'  shift, and go to state 85
    '-'  shift, and go to state 80


state 69

   13 ParamDecl: '!' T_ident T_ident .

    $default  reduce using rule 13 (ParamDecl)


state 70

   17 ParamDecl: '!' T_ident '[' . '*' ConstantExpr ']' T_ident
   23          | '!' T_ident '[' . ConstantExpr ']' OutList

    T_int    shift, and go to state 57
    T_true   shift, and go to state 58
    T_false  shift, and go to state 59
    '*'      shift, and go to state 86
    '('      shift, and go to state 61
    '-'      shift, and go to state 62

    ConstantExpr  go to state 87
    ConstantTerm  go to state 64
    NegConstant   go to state 65
    Constant      go to state 66


state 71

   12 ParamDecl: '!' T_vartype T_ident .

    $default  reduce using rule 12 (ParamDecl)


state 72

   16 ParamDecl: '!' T_vartype '[' . '*' ConstantExpr ']' T_ident
   22          | '!' T_vartype '[' . ConstantExpr ']' OutList

    T_int    shift, and go to state 57
    T_true   shift, and go to state 58
    T_false  shift, and go to state 59
    '*'      shift, and go to state 88
    '('      shift, and go to state 61
    '-'      shift, and go to state 62

    ConstantExpr  go to state 89
    ConstantTerm  go to state 64
    NegConstant   go to state 65
    Constant      go to state 66


state 73

   26 ParamList: ParamDecl ',' ParamList .

    $default  reduce using rule 26 (ParamList)


state 74

   30 Method: Mhelp T_ident $@4 '(' ParamList ')' '{' . WorkBody '}'

    $default  reduce using rule 47 (WorkBody)

    WorkBody  go to state 90


state 75

   15 ParamDecl: T_ident '[' '*' ConstantExpr . ']' T_ident
  104 ConstantExpr: ConstantExpr . '+' ConstantTerm
  105             | ConstantExpr . '-' ConstantTerm

    '+'  shift, and go to state 78
    ']'  shift, and go to state 91
    '-'  shift, and go to state 80


state 76

  107 ConstantTerm: '(' ConstantTerm . ')'
  108             | ConstantTerm . '*' ConstantTerm
  109             | ConstantTerm . '/' ConstantTerm
  110             | ConstantTerm . '%' ConstantTerm

    '*'  shift, and go to state 81
    '/'  shift, and go to state 82
    '%'  shift, and go to state 83
    ')'  shift, and go to state 92


state 77

  112 NegConstant: '-' Constant .

    $default  reduce using rule 112 (NegConstant)


state 78

  104 ConstantExpr: ConstantExpr '+' . ConstantTerm

    T_int    shift, and go to state 57
    T_true   shift, and go to state 58
    T_false  shift, and go to state 59
    '('      shift, and go to state 61
    '-'      shift, and go to state 62

    ConstantTerm  go to state 93
    NegConstant   go to state 65
    Constant      go to state 66


state 79

   21 ParamDecl: T_ident '[' ConstantExpr ']' . $@3 InList

    $default  reduce using rule 20 ($@3)

    $@3  go to state 94


state 80

  105 ConstantExpr: ConstantExpr '-' . ConstantTerm

    T_int    shift, and go to state 57
    T_true   shift, and go to state 58
    T_false  shift, and go to state 59
    '('      shift, and go to state 61
    '-'      shift, and go to state 62

    ConstantTerm  go to state 95
    NegConstant   go to state 65
    Constant      go to state 66


state 81

  108 ConstantTerm: ConstantTerm '*' . ConstantTerm

    T_int    shift, and go to state 57
    T_true   shift, and go to state 58
    T_false  shift, and go to state 59
    '('      shift, and go to state 61
    '-'      shift, and go to state 62

    ConstantTerm  go to state 96
    NegConstant   go to state 65
    Constant      go to state 66


state 82

  109 ConstantTerm: ConstantTerm '/' . ConstantTerm

    T_int    shift, and go to state 57
    T_true   shift, and go to state 58
    T_false  shift, and go to state 59
    '('      shift, and go to state 61
    '-'      shift, and go to state 62

    ConstantTerm  go to state 97
    NegConstant   go to state 65
    Constant      go to state 66


state 83

  110 ConstantTerm: ConstantTerm '%' . ConstantTerm

    T_int    shift, and go to state 57
    T_true   shift, and go to state 58
    T_false  shift, and go to state 59
    '('      shift, and go to state 61
    '-'      shift, and go to state 62

    ConstantTerm  go to state 98
    NegConstant   go to state 65
    Constant      go to state 66


state 84

   14 ParamDecl: T_vartype '[' '*' ConstantExpr . ']' T_ident
  104 ConstantExpr: ConstantExpr . '+' ConstantTerm
  105             | ConstantExpr . '-' ConstantTerm

    '+'  shift, and go to state 78
    ']'  shift, and go to state 99
    '-'  shift, and go to state 80


state 85

   19 ParamDecl: T_vartype '[' ConstantExpr ']' . $@2 InList

    $default  reduce using rule 18 ($@2)

    $@2  go to state 100


state 86

   17 ParamDecl: '!' T_ident '[' '*' . ConstantExpr ']' T_ident

    T_int    shift, and go to state 57
    T_true   shift, and go to state 58
    T_false  shift, and go to state 59
    '('      shift, and go to state 61
    '-'      shift, and go to state 62

    ConstantExpr  go to state 101
    ConstantTerm  go to state 64
    NegConstant   go to state 65
    Constant      go to state 66


state 87

   23 ParamDecl: '!' T_ident '[' ConstantExpr . ']' OutList
  104 ConstantExpr: ConstantExpr . '+' ConstantTerm
  105             | ConstantExpr . '-' ConstantTerm

    '+'  shift, and go to state 78
    ']'  shift, and go to state 102
    '-'  shift, and go to state 80


state 88

   16 ParamDecl: '!' T_vartype '[' '*' . ConstantExpr ']' T_ident

    T_int    shift, and go to state 57
    T_true   shift, and go to state 58
    T_false  shift, and go to state 59
    '('      shift, and go to state 61
    '-'      shift, and go to state 62

    ConstantExpr  go to state 103
    ConstantTerm  go to state 64
    NegConstant   go to state 65
    Constant      go to state 66


state 89

   22 ParamDecl: '!' T_vartype '[' ConstantExpr . ']' OutList
  104 ConstantExpr: ConstantExpr . '+' ConstantTerm
  105             | ConstantExpr . '-' ConstantTerm

    '+'  shift, and go to state 78
    ']'  shift, and go to state 104
    '-'  shift, and go to state 80


state 90

   30 Method: Mhelp T_ident $@4 '(' ParamList ')' '{' WorkBody . '}'
   48 WorkBody: WorkBody . WorkStatement

    T_ident     shift, and go to state 105
    T_OutIdent  shift, and go to state 106
    T_assert    shift, and go to state 107
    T_assume    shift, and go to state 108
    '}'         shift, and go to state 109
    ';'         shift, and go to state 110
    '$'         shift, and go to state 111

    WorkStatement  go to state 112


state 91

   15 ParamDecl: T_ident '[' '*' ConstantExpr ']' . T_ident

    T_ident  shift, and go to state 113


state 92

  107 ConstantTerm: '(' ConstantTerm ')' .

    $default  reduce using rule 107 (ConstantTerm)


state 93

  104 ConstantExpr: ConstantExpr '+' ConstantTerm .
  108 ConstantTerm: ConstantTerm . '*' ConstantTerm
  109             | ConstantTerm . '/' ConstantTerm
  110             | ConstantTerm . '%' ConstantTerm

    '*'  shift, and go to state 81
    '/'  shift, and go to state 82
    '%'  shift, and go to state 83

    $default  reduce using rule 104 (ConstantExpr)


state 94

   21 ParamDecl: T_ident '[' ConstantExpr ']' $@3 . InList

    T_ident  shift, and go to state 114

    InList  go to state 115


state 95

  105 ConstantExpr: ConstantExpr '-' ConstantTerm .
  108 ConstantTerm: ConstantTerm . '*' ConstantTerm
  109             | ConstantTerm . '/' ConstantTerm
  110             | ConstantTerm . '%' ConstantTerm

    '*'  shift, and go to state 81
    '/'  shift, and go to state 82
    '%'  shift, and go to state 83

    $default  reduce using rule 105 (ConstantExpr)


state 96

  108 ConstantTerm: ConstantTerm . '*' ConstantTerm
  108             | ConstantTerm '*' ConstantTerm .
  109             | ConstantTerm . '/' ConstantTerm
  110             | ConstantTerm . '%' ConstantTerm

    '/'  shift, and go to state 82
    '%'  shift, and go to state 83

    $default  reduce using rule 108 (ConstantTerm)


state 97

  108 ConstantTerm: ConstantTerm . '*' ConstantTerm
  109             | ConstantTerm . '/' ConstantTerm
  109             | ConstantTerm '/' ConstantTerm .
  110             | ConstantTerm . '%' ConstantTerm

    '%'  shift, and go to state 83

    $default  reduce using rule 109 (ConstantTerm)


state 98

  108 ConstantTerm: ConstantTerm . '*' ConstantTerm
  109             | ConstantTerm . '/' ConstantTerm
  110             | ConstantTerm . '%' ConstantTerm
  110             | ConstantTerm '%' ConstantTerm .

    $default  reduce using rule 110 (ConstantTerm)


state 99

   14 ParamDecl: T_vartype '[' '*' ConstantExpr ']' . T_ident

    T_ident  shift, and go to state 116


state 100

   19 ParamDecl: T_vartype '[' ConstantExpr ']' $@2 . InList

    T_ident  shift, and go to state 114

    InList  go to state 117


state 101

   17 ParamDecl: '!' T_ident '[' '*' ConstantExpr . ']' T_ident
  104 ConstantExpr: ConstantExpr . '+' ConstantTerm
  105             | ConstantExpr . '-' ConstantTerm

    '+'  shift, and go to state 78
    ']'  shift, and go to state 118
    '-'  shift, and go to state 80


state 102

   23 ParamDecl: '!' T_ident '[' ConstantExpr ']' . OutList

    T_ident  shift, and go to state 119

    OutList  go to state 120


state 103

   16 ParamDecl: '!' T_vartype '[' '*' ConstantExpr . ']' T_ident
  104 ConstantExpr: ConstantExpr . '+' ConstantTerm
  105             | ConstantExpr . '-' ConstantTerm

    '+'  shift, and go to state 78
    ']'  shift, and go to state 121
    '-'  shift, and go to state 80


state 104

   22 ParamDecl: '!' T_vartype '[' ConstantExpr ']' . OutList

    T_ident  shift, and go to state 119

    OutList  go to state 122


state 105

   50 WorkStatement: T_ident . '=' Expression ';'

    '='  shift, and go to state 123


state 106

   52 WorkStatement: T_OutIdent . '=' Expression ';'

    '='  shift, and go to state 124


state 107

   53 WorkStatement: T_assert . Expression ';'
   54              | T_assert . Expression ':' T_string ';'

    T_dbl     shift, and go to state 125
    T_int     shift, and go to state 57
    T_ident   shift, and go to state 126
    T_true    shift, and go to state 58
    T_false   shift, and go to state 59
    T_leftAC  shift, and go to state 127
    T_twoS    shift, and go to state 128
    T_Min     shift, and go to state 129
    '<'       shift, and go to state 130
    '!'       shift, and go to state 131
    '['       shift, and go to state 132
    '('       shift, and go to state 133
    '$'       shift, and go to state 134
    '-'       shift, and go to state 135

    Expression   go to state 136
    Term         go to state 137
    NegConstant  go to state 138
    Constant     go to state 139
    Ident        go to state 140


state 108

   55 WorkStatement: T_assume . Expression OptionalMsg ';'

    T_dbl     shift, and go to state 125
    T_int     shift, and go to state 57
    T_ident   shift, and go to state 126
    T_true    shift, and go to state 58
    T_false   shift, and go to state 59
    T_leftAC  shift, and go to state 127
    T_twoS    shift, and go to state 128
    T_Min     shift, and go to state 129
    '<'       shift, and go to state 130
    '!'       shift, and go to state 131
    '['       shift, and go to state 132
    '('       shift, and go to state 133
    '$'       shift, and go to state 134
    '-'       shift, and go to state 135

    Expression   go to state 141
    Term         go to state 137
    NegConstant  go to state 138
    Constant     go to state 139
    Ident        go to state 140


state 109

   30 Method: Mhelp T_ident $@4 '(' ParamList ')' '{' WorkBody '}' .

    $default  reduce using rule 30 (Method)


state 110

   49 WorkStatement: ';' .

    $default  reduce using rule 49 (WorkStatement)


state 111

   51 WorkStatement: '$' . IdentList T_twoS varList '$' '[' Expression ']' '=' Expression ';'

    T_ident  shift, and go to state 142

    IdentList  go to state 143


state 112

   48 WorkBody: WorkBody WorkStatement .

    $default  reduce using rule 48 (WorkBody)


state 113

   15 ParamDecl: T_ident '[' '*' ConstantExpr ']' T_ident .

    $default  reduce using rule 15 (ParamDecl)


state 114

    5 InList: T_ident .
    7       | T_ident . $@1 InList

    T_ident   reduce using rule 6 ($@1)
    $default  reduce using rule 5 (InList)

    $@1  go to state 144


state 115

   21 ParamDecl: T_ident '[' ConstantExpr ']' $@3 InList .

    $default  reduce using rule 21 (ParamDecl)


state 116

   14 ParamDecl: T_vartype '[' '*' ConstantExpr ']' T_ident .

    $default  reduce using rule 14 (ParamDecl)


state 117

   19 ParamDecl: T_vartype '[' ConstantExpr ']' $@2 InList .

    $default  reduce using rule 19 (ParamDecl)


state 118

   17 ParamDecl: '!' T_ident '[' '*' ConstantExpr ']' . T_ident

    T_ident  shift, and go to state 145


state 119

    8 OutList: T_ident .
    9        | T_ident . OutList

    T_ident  shift, and go to state 119

    $default  reduce using rule 8 (OutList)

    OutList  go to state 146


state 120

   23 ParamDecl: '!' T_ident '[' ConstantExpr ']' OutList .

    $default  reduce using rule 23 (ParamDecl)


state 121

   16 ParamDecl: '!' T_vartype '[' '*' ConstantExpr ']' . T_ident

    T_ident  shift, and go to state 147


state 122

   22 ParamDecl: '!' T_vartype '[' ConstantExpr ']' OutList .

    $default  reduce using rule 22 (ParamDecl)


state 123

   50 WorkStatement: T_ident '=' . Expression ';'

    T_dbl     shift, and go to state 125
    T_int     shift, and go to state 57
    T_ident   shift, and go to state 126
    T_true    shift, and go to state 58
    T_false   shift, and go to state 59
    T_leftAC  shift, and go to state 127
    T_twoS    shift, and go to state 128
    T_Min     shift, and go to state 129
    '<'       shift, and go to state 130
    '!'       shift, and go to state 131
    '['       shift, and go to state 132
    '('       shift, and go to state 133
    '$'       shift, and go to state 134
    '-'       shift, and go to state 135

    Expression   go to state 148
    Term         go to state 137
    NegConstant  go to state 138
    Constant     go to state 139
    Ident        go to state 140


state 124

   52 WorkStatement: T_OutIdent '=' . Expression ';'

    T_dbl     shift, and go to state 125
    T_int     shift, and go to state 57
    T_ident   shift, and go to state 126
    T_true    shift, and go to state 58
    T_false   shift, and go to state 59
    T_leftAC  shift, and go to state 127
    T_twoS    shift, and go to state 128
    T_Min     shift, and go to state 129
    '<'       shift, and go to state 130
    '!'       shift, and go to state 131
    '['       shift, and go to state 132
    '('       shift, and go to state 133
    '$'       shift, and go to state 134
    '-'       shift, and go to state 135

    Expression   go to state 149
    Term         go to state 137
    NegConstant  go to state 138
    Constant     go to state 139
    Ident        go to state 140


state 125

   90 Term: T_dbl .

    $default  reduce using rule 90 (Term)


state 126

   66 Expression: T_ident . '[' Expression ']'
   69           | T_ident . '[' '[' Expression T_arrow Expression ']' ']'
   91 Term: T_ident . '[' '*' T_ident ']' '(' varList ')' '(' Expression ')' '[' T_ident ',' Constant ']'
   92     | T_ident . '[' T_vartype ']' '(' varList ')' '(' Expression ')' '[' T_ident ',' Constant ']'
  116 Ident: T_ident .

    '['  shift, and go to state 150

    $default  reduce using rule 116 (Ident)


state 127

   72 Expression: T_leftAC . varList T_rightAC

    T_dbl    shift, and go to state 125
    T_int    shift, and go to state 57
    T_ident  shift, and go to state 151
    T_true   shift, and go to state 58
    T_false  shift, and go to state 59
    T_Min    shift, and go to state 129
    '<'      shift, and go to state 130
    '!'      shift, and go to state 131
    '('      shift, and go to state 133
    '-'      shift, and go to state 152

    $default  reduce using rule 85 (varList)

    varList   go to state 153
    Term      go to state 154
    Constant  go to state 155
    Ident     go to state 140


state 128

   74 Expression: T_twoS . varList T_twoS

    T_dbl    shift, and go to state 125
    T_int    shift, and go to state 57
    T_ident  shift, and go to state 151
    T_true   shift, and go to state 58
    T_false  shift, and go to state 59
    T_Min    shift, and go to state 129
    '<'      shift, and go to state 130
    '!'      shift, and go to state 131
    '('      shift, and go to state 133
    '-'      shift, and go to state 152

    $default  reduce using rule 85 (varList)

    varList   go to state 156
    Term      go to state 154
    Constant  go to state 155
    Ident     go to state 140


state 129

  100 Term: T_Min . '<' Ident '>'
  101     | T_Min . '<' Ident Constant '>'
  102     | T_Min . '<' Ident Constant '*' '>'

    '<'  shift, and go to state 157


state 130

   97 Term: '<' . Ident '>'
   98     | '<' . Ident Constant '>'
   99     | '<' . Ident Constant '*' '>'

    T_ident  shift, and go to state 158

    Ident  go to state 159


state 131

   94 Term: '!' . Term

    T_dbl    shift, and go to state 125
    T_int    shift, and go to state 57
    T_ident  shift, and go to state 151
    T_true   shift, and go to state 58
    T_false  shift, and go to state 59
    T_Min    shift, and go to state 129
    '<'      shift, and go to state 130
    '!'      shift, and go to state 131
    '('      shift, and go to state 133
    '-'      shift, and go to state 152

    Term      go to state 160
    Constant  go to state 155
    Ident     go to state 140


state 132

   73 Expression: '[' . T_ident ']' T_leftTC varList T_rightTC

    T_ident  shift, and go to state 161


state 133

   95 Term: '(' . Expression ')'

    T_dbl     shift, and go to state 125
    T_int     shift, and go to state 57
    T_ident   shift, and go to state 126
    T_true    shift, and go to state 58
    T_false   shift, and go to state 59
    T_leftAC  shift, and go to state 127
    T_twoS    shift, and go to state 128
    T_Min     shift, and go to state 129
    '<'       shift, and go to state 130
    '!'       shift, and go to state 131
    '['       shift, and go to state 132
    '('       shift, and go to state 133
    '$'       shift, and go to state 134
    '-'       shift, and go to state 135

    Expression   go to state 162
    Term         go to state 137
    NegConstant  go to state 138
    Constant     go to state 139
    Ident        go to state 140


state 134

   71 Expression: '$' . varList '$' '[' Expression ']'

    T_dbl    shift, and go to state 125
    T_int    shift, and go to state 57
    T_ident  shift, and go to state 151
    T_true   shift, and go to state 58
    T_false  shift, and go to state 59
    T_Min    shift, and go to state 129
    '<'      shift, and go to state 130
    '!'      shift, and go to state 131
    '('      shift, and go to state 133
    '-'      shift, and go to state 152

    $default  reduce using rule 85 (varList)

    varList   go to state 163
    Term      go to state 154
    Constant  go to state 155
    Ident     go to state 140


state 135

   93 Term: '-' . Term
  112 NegConstant: '-' . Constant

    T_dbl    shift, and go to state 125
    T_int    shift, and go to state 57
    T_ident  shift, and go to state 151
    T_true   shift, and go to state 58
    T_false  shift, and go to state 59
    T_Min    shift, and go to state 129
    '<'      shift, and go to state 130
    '!'      shift, and go to state 131
    '('      shift, and go to state 133
    '-'      shift, and go to state 152

    Term      go to state 164
    Constant  go to state 165
    Ident     go to state 140


state 136

   53 WorkStatement: T_assert Expression . ';'
   54              | T_assert Expression . ':' T_string ';'
   84 Expression: Expression . '?' Expression ':' Expression

    '?'  shift, and go to state 166
    ':'  shift, and go to state 167
    ';'  shift, and go to state 168


state 137

   58 Expression: Term .
   59           | Term . '&' Term
   60           | Term . T_and Term
   61           | Term . '|' Term
   62           | Term . T_or Term
   63           | Term . '^' Term
   64           | Term . T_neq Term
   65           | Term . T_eq Term
   67           | Term . '.' '[' NegConstant ']'
   75           | Term . '+' Term
   76           | Term . '/' Term
   77           | Term . '%' Term
   78           | Term . '*' Term
   79           | Term . '-' Term
   80           | Term . '>' Term
   81           | Term . '<' Term
   82           | Term . T_ge Term
   83           | Term . T_le Term

    T_eq   shift, and go to state 169
    T_neq  shift, and go to state 170
    T_and  shift, and go to state 171
    T_or   shift, and go to state 172
    T_ge   shift, and go to state 173
    T_le   shift, and go to state 174
    '+'    shift, and go to state 175
    '*'    shift, and go to state 176
    '/'    shift, and go to state 177
    '%'    shift, and go to state 178
    '<'    shift, and go to state 179
    '>'    shift, and go to state 180
    '&'    shift, and go to state 181
    '|'    shift, and go to state 182
    '^'    shift, and go to state 183
    '.'    shift, and go to state 184
    '-'    shift, and go to state 185

    $default  reduce using rule 58 (Expression)


state 138

   68 Expression: NegConstant . '[' Expression ']'
   70           | NegConstant . '[' '[' Expression T_arrow Expression ']' ']'

    '['  shift, and go to state 186


state 139

   89 Term: Constant .
  111 NegConstant: Constant .

    '['       reduce using rule 111 (NegConstant)
    $default  reduce using rule 89 (Term)


state 140

   96 Term: Ident .

    $default  reduce using rule 96 (Term)


state 141

   55 WorkStatement: T_assume Expression . OptionalMsg ';'
   84 Expression: Expression . '?' Expression ':' Expression

    '?'  shift, and go to state 166
    ':'  shift, and go to state 187

    $default  reduce using rule 57 (OptionalMsg)

    OptionalMsg  go to state 188


state 142

   87 IdentList: T_ident .
   88          | T_ident . IdentList

    T_ident  shift, and go to state 142

    $default  reduce using rule 87 (IdentList)

    IdentList  go to state 189


state 143

   51 WorkStatement: '$' IdentList . T_twoS varList '$' '[' Expression ']' '=' Expression ';'

    T_twoS  shift, and go to state 190


state 144

    7 InList: T_ident $@1 . InList

    T_ident  shift, and go to state 114

    InList  go to state 191


state 145

   17 ParamDecl: '!' T_ident '[' '*' ConstantExpr ']' T_ident .

    $default  reduce using rule 17 (ParamDecl)


state 146

    9 OutList: T_ident OutList .

    $default  reduce using rule 9 (OutList)


state 147

   16 ParamDecl: '!' T_vartype '[' '*' ConstantExpr ']' T_ident .

    $default  reduce using rule 16 (ParamDecl)


state 148

   50 WorkStatement: T_ident '=' Expression . ';'
   84 Expression: Expression . '?' Expression ':' Expression

    '?'  shift, and go to state 166
    ';'  shift, and go to state 192


state 149

   52 WorkStatement: T_OutIdent '=' Expression . ';'
   84 Expression: Expression . '?' Expression ':' Expression

    '?'  shift, and go to state 166
    ';'  shift, and go to state 193


state 150

   66 Expression: T_ident '[' . Expression ']'
   69           | T_ident '[' . '[' Expression T_arrow Expression ']' ']'
   91 Term: T_ident '[' . '*' T_ident ']' '(' varList ')' '(' Expression ')' '[' T_ident ',' Constant ']'
   92     | T_ident '[' . T_vartype ']' '(' varList ')' '(' Expression ')' '[' T_ident ',' Constant ']'

    T_dbl      shift, and go to state 125
    T_int      shift, and go to state 57
    T_ident    shift, and go to state 126
    T_true     shift, and go to state 58
    T_false    shift, and go to state 59
    T_vartype  shift, and go to state 194
    T_leftAC   shift, and go to state 127
    T_twoS     shift, and go to state 128
    T_Min      shift, and go to state 129
    '*'        shift, and go to state 195
    '<'        shift, and go to state 130
    '!'        shift, and go to state 131
    '['        shift, and go to state 196
    '('        shift, and go to state 133
    '$'        shift, and go to state 134
    '-'        shift, and go to state 135

    Expression   go to state 197
    Term         go to state 137
    NegConstant  go to state 138
    Constant     go to state 139
    Ident        go to state 140


state 151

   91 Term: T_ident . '[' '*' T_ident ']' '(' varList ')' '(' Expression ')' '[' T_ident ',' Constant ']'
   92     | T_ident . '[' T_vartype ']' '(' varList ')' '(' Expression ')' '[' T_ident ',' Constant ']'
  116 Ident: T_ident .

    '['  shift, and go to state 198

    $default  reduce using rule 116 (Ident)


state 152

   93 Term: '-' . Term

    T_dbl    shift, and go to state 125
    T_int    shift, and go to state 57
    T_ident  shift, and go to state 151
    T_true   shift, and go to state 58
    T_false  shift, and go to state 59
    T_Min    shift, and go to state 129
    '<'      shift, and go to state 130
    '!'      shift, and go to state 131
    '('      shift, and go to state 133
    '-'      shift, and go to state 152

    Term      go to state 164
    Constant  go to state 155
    Ident     go to state 140


state 153

   72 Expression: T_leftAC varList . T_rightAC

    T_rightAC  shift, and go to state 199


state 154

   86 varList: Term . varList

    T_dbl    shift, and go to state 125
    T_int    shift, and go to state 57
    T_ident  shift, and go to state 151
    T_true   shift, and go to state 58
    T_false  shift, and go to state 59
    T_Min    shift, and go to state 129
    '<'      shift, and go to state 130
    '!'      shift, and go to state 131
    '('      shift, and go to state 133
    '-'      shift, and go to state 152

    $default  reduce using rule 85 (varList)

    varList   go to state 200
    Term      go to state 154
    Constant  go to state 155
    Ident     go to state 140


state 155

   89 Term: Constant .

    $default  reduce using rule 89 (Term)


state 156

   74 Expression: T_twoS varList . T_twoS

    T_twoS  shift, and go to state 201


state 157

  100 Term: T_Min '<' . Ident '>'
  101     | T_Min '<' . Ident Constant '>'
  102     | T_Min '<' . Ident Constant '*' '>'

    T_ident  shift, and go to state 158

    Ident  go to state 202


state 158

  116 Ident: T_ident .

    $default  reduce using rule 116 (Ident)


state 159

   97 Term: '<' Ident . '>'
   98     | '<' Ident . Constant '>'
   99     | '<' Ident . Constant '*' '>'

    T_int    shift, and go to state 57
    T_true   shift, and go to state 58
    T_false  shift, and go to state 59
    '>'      shift, and go to state 203

    Constant  go to state 204


state 160

   94 Term: '!' Term .

    $default  reduce using rule 94 (Term)


state 161

   73 Expression: '[' T_ident . ']' T_leftTC varList T_rightTC

    ']'  shift, and go to state 205


state 162

   84 Expression: Expression . '?' Expression ':' Expression
   95 Term: '(' Expression . ')'

    '?'  shift, and go to state 166
    ')'  shift, and go to state 206


state 163

   71 Expression: '$' varList . '$' '[' Expression ']'

    '$'  shift, and go to state 207


state 164

   93 Term: '-' Term .

    $default  reduce using rule 93 (Term)


state 165

   89 Term: Constant .
  112 NegConstant: '-' Constant .

    '['       reduce using rule 112 (NegConstant)
    $default  reduce using rule 89 (Term)


state 166

   84 Expression: Expression '?' . Expression ':' Expression

    T_dbl     shift, and go to state 125
    T_int     shift, and go to state 57
    T_ident   shift, and go to state 126
    T_true    shift, and go to state 58
    T_false   shift, and go to state 59
    T_leftAC  shift, and go to state 127
    T_twoS    shift, and go to state 128
    T_Min     shift, and go to state 129
    '<'       shift, and go to state 130
    '!'       shift, and go to state 131
    '['       shift, and go to state 132
    '('       shift, and go to state 133
    '$'       shift, and go to state 134
    '-'       shift, and go to state 135

    Expression   go to state 208
    Term         go to state 137
    NegConstant  go to state 138
    Constant     go to state 139
    Ident        go to state 140


state 167

   54 WorkStatement: T_assert Expression ':' . T_string ';'

    T_string  shift, and go to state 209


state 168

   53 WorkStatement: T_assert Expression ';' .

    $default  reduce using rule 53 (WorkStatement)


state 169

   65 Expression: Term T_eq . Term

    T_dbl    shift, and go to state 125
    T_int    shift, and go to state 57
    T_ident  shift, and go to state 151
    T_true   shift, and go to state 58
    T_false  shift, and go to state 59
    T_Min    shift, and go to state 129
    '<'      shift, and go to state 130
    '!'      shift, and go to state 131
    '('      shift, and go to state 133
    '-'      shift, and go to state 152

    Term      go to state 210
    Constant  go to state 155
    Ident     go to state 140


state 170

   64 Expression: Term T_neq . Term

    T_dbl    shift, and go to state 125
    T_int    shift, and go to state 57
    T_ident  shift, and go to state 151
    T_true   shift, and go to state 58
    T_false  shift, and go to state 59
    T_Min    shift, and go to state 129
    '<'      shift, and go to state 130
    '!'      shift, and go to state 131
    '('      shift, and go to state 133
    '-'      shift, and go to state 152

    Term      go to state 211
    Constant  go to state 155
    Ident     go to state 140


state 171

   60 Expression: Term T_and . Term

    T_dbl    shift, and go to state 125
    T_int    shift, and go to state 57
    T_ident  shift, and go to state 151
    T_true   shift, and go to state 58
    T_false  shift, and go to state 59
    T_Min    shift, and go to state 129
    '<'      shift, and go to state 130
    '!'      shift, and go to state 131
    '('      shift, and go to state 133
    '-'      shift, and go to state 152

    Term      go to state 212
    Constant  go to state 155
    Ident     go to state 140


state 172

   62 Expression: Term T_or . Term

    T_dbl    shift, and go to state 125
    T_int    shift, and go to state 57
    T_ident  shift, and go to state 151
    T_true   shift, and go to state 58
    T_false  shift, and go to state 59
    T_Min    shift, and go to state 129
    '<'      shift, and go to state 130
    '!'      shift, and go to state 131
    '('      shift, and go to state 133
    '-'      shift, and go to state 152

    Term      go to state 213
    Constant  go to state 155
    Ident     go to state 140


state 173

   82 Expression: Term T_ge . Term

    T_dbl    shift, and go to state 125
    T_int    shift, and go to state 57
    T_ident  shift, and go to state 151
    T_true   shift, and go to state 58
    T_false  shift, and go to state 59
    T_Min    shift, and go to state 129
    '<'      shift, and go to state 130
    '!'      shift, and go to state 131
    '('      shift, and go to state 133
    '-'      shift, and go to state 152

    Term      go to state 214
    Constant  go to state 155
    Ident     go to state 140


state 174

   83 Expression: Term T_le . Term

    T_dbl    shift, and go to state 125
    T_int    shift, and go to state 57
    T_ident  shift, and go to state 151
    T_true   shift, and go to state 58
    T_false  shift, and go to state 59
    T_Min    shift, and go to state 129
    '<'      shift, and go to state 130
    '!'      shift, and go to state 131
    '('      shift, and go to state 133
    '-'      shift, and go to state 152

    Term      go to state 215
    Constant  go to state 155
    Ident     go to state 140


state 175

   75 Expression: Term '+' . Term

    T_dbl    shift, and go to state 125
    T_int    shift, and go to state 57
    T_ident  shift, and go to state 151
    T_true   shift, and go to state 58
    T_false  shift, and go to state 59
    T_Min    shift, and go to state 129
    '<'      shift, and go to state 130
    '!'      shift, and go to state 131
    '('      shift, and go to state 133
    '-'      shift, and go to state 152

    Term      go to state 216
    Constant  go to state 155
    Ident     go to state 140


state 176

   78 Expression: Term '*' . Term

    T_dbl    shift, and go to state 125
    T_int    shift, and go to state 57
    T_ident  shift, and go to state 151
    T_true   shift, and go to state 58
    T_false  shift, and go to state 59
    T_Min    shift, and go to state 129
    '<'      shift, and go to state 130
    '!'      shift, and go to state 131
    '('      shift, and go to state 133
    '-'      shift, and go to state 152

    Term      go to state 217
    Constant  go to state 155
    Ident     go to state 140


state 177

   76 Expression: Term '/' . Term

    T_dbl    shift, and go to state 125
    T_int    shift, and go to state 57
    T_ident  shift, and go to state 151
    T_true   shift, and go to state 58
    T_false  shift, and go to state 59
    T_Min    shift, and go to state 129
    '<'      shift, and go to state 130
    '!'      shift, and go to state 131
    '('      shift, and go to state 133
    '-'      shift, and go to state 152

    Term      go to state 218
    Constant  go to state 155
    Ident     go to state 140


state 178

   77 Expression: Term '%' . Term

    T_dbl    shift, and go to state 125
    T_int    shift, and go to state 57
    T_ident  shift, and go to state 151
    T_true   shift, and go to state 58
    T_false  shift, and go to state 59
    T_Min    shift, and go to state 129
    '<'      shift, and go to state 130
    '!'      shift, and go to state 131
    '('      shift, and go to state 133
    '-'      shift, and go to state 152

    Term      go to state 219
    Constant  go to state 155
    Ident     go to state 140


state 179

   81 Expression: Term '<' . Term

    T_dbl    shift, and go to state 125
    T_int    shift, and go to state 57
    T_ident  shift, and go to state 151
    T_true   shift, and go to state 58
    T_false  shift, and go to state 59
    T_Min    shift, and go to state 129
    '<'      shift, and go to state 130
    '!'      shift, and go to state 131
    '('      shift, and go to state 133
    '-'      shift, and go to state 152

    Term      go to state 220
    Constant  go to state 155
    Ident     go to state 140


state 180

   80 Expression: Term '>' . Term

    T_dbl    shift, and go to state 125
    T_int    shift, and go to state 57
    T_ident  shift, and go to state 151
    T_true   shift, and go to state 58
    T_false  shift, and go to state 59
    T_Min    shift, and go to state 129
    '<'      shift, and go to state 130
    '!'      shift, and go to state 131
    '('      shift, and go to state 133
    '-'      shift, and go to state 152

    Term      go to state 221
    Constant  go to state 155
    Ident     go to state 140


state 181

   59 Expression: Term '&' . Term

    T_dbl    shift, and go to state 125
    T_int    shift, and go to state 57
    T_ident  shift, and go to state 151
    T_true   shift, and go to state 58
    T_false  shift, and go to state 59
    T_Min    shift, and go to state 129
    '<'      shift, and go to state 130
    '!'      shift, and go to state 131
    '('      shift, and go to state 133
    '-'      shift, and go to state 152

    Term      go to state 222
    Constant  go to state 155
    Ident     go to state 140


state 182

   61 Expression: Term '|' . Term

    T_dbl    shift, and go to state 125
    T_int    shift, and go to state 57
    T_ident  shift, and go to state 151
    T_true   shift, and go to state 58
    T_false  shift, and go to state 59
    T_Min    shift, and go to state 129
    '<'      shift, and go to state 130
    '!'      shift, and go to state 131
    '('      shift, and go to state 133
    '-'      shift, and go to state 152

    Term      go to state 223
    Constant  go to state 155
    Ident     go to state 140


state 183

   63 Expression: Term '^' . Term

    T_dbl    shift, and go to state 125
    T_int    shift, and go to state 57
    T_ident  shift, and go to state 151
    T_true   shift, and go to state 58
    T_false  shift, and go to state 59
    T_Min    shift, and go to state 129
    '<'      shift, and go to state 130
    '!'      shift, and go to state 131
    '('      shift, and go to state 133
    '-'      shift, and go to state 152

    Term      go to state 224
    Constant  go to state 155
    Ident     go to state 140


state 184

   67 Expression: Term '.' . '[' NegConstant ']'

    '['  shift, and go to state 225


state 185

   79 Expression: Term '-' . Term

    T_dbl    shift, and go to state 125
    T_int    shift, and go to state 57
    T_ident  shift, and go to state 151
    T_true   shift, and go to state 58
    T_false  shift, and go to state 59
    T_Min    shift, and go to state 129
    '<'      shift, and go to state 130
    '!'      shift, and go to state 131
    '('      shift, and go to state 133
    '-'      shift, and go to state 152

    Term      go to state 226
    Constant  go to state 155
    Ident     go to state 140


state 186

   68 Expression: NegConstant '[' . Expression ']'
   70           | NegConstant '[' . '[' Expression T_arrow Expression ']' ']'

    T_dbl     shift, and go to state 125
    T_int     shift, and go to state 57
    T_ident   shift, and go to state 126
    T_true    shift, and go to state 58
    T_false   shift, and go to state 59
    T_leftAC  shift, and go to state 127
    T_twoS    shift, and go to state 128
    T_Min     shift, and go to state 129
    '<'       shift, and go to state 130
    '!'       shift, and go to state 131
    '['       shift, and go to state 227
    '('       shift, and go to state 133
    '$'       shift, and go to state 134
    '-'       shift, and go to state 135

    Expression   go to state 228
    Term         go to state 137
    NegConstant  go to state 138
    Constant     go to state 139
    Ident        go to state 140


state 187

   56 OptionalMsg: ':' . T_string

    T_string  shift, and go to state 229


state 188

   55 WorkStatement: T_assume Expression OptionalMsg . ';'

    ';'  shift, and go to state 230


state 189

   88 IdentList: T_ident IdentList .

    $default  reduce using rule 88 (IdentList)


state 190

   51 WorkStatement: '$' IdentList T_twoS . varList '$' '[' Expression ']' '=' Expression ';'

    T_dbl    shift, and go to state 125
    T_int    shift, and go to state 57
    T_ident  shift, and go to state 151
    T_true   shift, and go to state 58
    T_false  shift, and go to state 59
    T_Min    shift, and go to state 129
    '<'      shift, and go to state 130
    '!'      shift, and go to state 131
    '('      shift, and go to state 133
    '-'      shift, and go to state 152

    $default  reduce using rule 85 (varList)

    varList   go to state 231
    Term      go to state 154
    Constant  go to state 155
    Ident     go to state 140


state 191

    7 InList: T_ident $@1 InList .

    $default  reduce using rule 7 (InList)


state 192

   50 WorkStatement: T_ident '=' Expression ';' .

    $default  reduce using rule 50 (WorkStatement)


state 193

   52 WorkStatement: T_OutIdent '=' Expression ';' .

    $default  reduce using rule 52 (WorkStatement)


state 194

   92 Term: T_ident '[' T_vartype . ']' '(' varList ')' '(' Expression ')' '[' T_ident ',' Constant ']'

    ']'  shift, and go to state 232


state 195

   91 Term: T_ident '[' '*' . T_ident ']' '(' varList ')' '(' Expression ')' '[' T_ident ',' Constant ']'

    T_ident  shift, and go to state 233


state 196

   69 Expression: T_ident '[' '[' . Expression T_arrow Expression ']' ']'
   73           | '[' . T_ident ']' T_leftTC varList T_rightTC

    T_dbl     shift, and go to state 125
    T_int     shift, and go to state 57
    T_ident   shift, and go to state 234
    T_true    shift, and go to state 58
    T_false   shift, and go to state 59
    T_leftAC  shift, and go to state 127
    T_twoS    shift, and go to state 128
    T_Min     shift, and go to state 129
    '<'       shift, and go to state 130
    '!'       shift, and go to state 131
    '['       shift, and go to state 132
    '('       shift, and go to state 133
    '$'       shift, and go to state 134
    '-'       shift, and go to state 135

    Expression   go to state 235
    Term         go to state 137
    NegConstant  go to state 138
    Constant     go to state 139
    Ident        go to state 140


state 197

   66 Expression: T_ident '[' Expression . ']'
   84           | Expression . '?' Expression ':' Expression

    '?'  shift, and go to state 166
    ']'  shift, and go to state 236


state 198

   91 Term: T_ident '[' . '*' T_ident ']' '(' varList ')' '(' Expression ')' '[' T_ident ',' Constant ']'
   92     | T_ident '[' . T_vartype ']' '(' varList ')' '(' Expression ')' '[' T_ident ',' Constant ']'

    T_vartype  shift, and go to state 194
    '*'        shift, and go to state 195


state 199

   72 Expression: T_leftAC varList T_rightAC .

    $default  reduce using rule 72 (Expression)


state 200

   86 varList: Term varList .

    $default  reduce using rule 86 (varList)


state 201

   74 Expression: T_twoS varList T_twoS .

    $default  reduce using rule 74 (Expression)


state 202

  100 Term: T_Min '<' Ident . '>'
  101     | T_Min '<' Ident . Constant '>'
  102     | T_Min '<' Ident . Constant '*' '>'

    T_int    shift, and go to state 57
    T_true   shift, and go to state 58
    T_false  shift, and go to state 59
    '>'      shift, and go to state 237

    Constant  go to state 238


state 203

   97 Term: '<' Ident '>' .

    $default  reduce using rule 97 (Term)


state 204

   98 Term: '<' Ident Constant . '>'
   99     | '<' Ident Constant . '*' '>'

    '*'  shift, and go to state 239
    '>'  shift, and go to state 240


state 205

   73 Expression: '[' T_ident ']' . T_leftTC varList T_rightTC

    T_leftTC  shift, and go to state 241


state 206

   95 Term: '(' Expression ')' .

    $default  reduce using rule 95 (Term)


state 207

   71 Expression: '$' varList '$' . '[' Expression ']'

    '['  shift, and go to state 242


state 208

   84 Expression: Expression . '?' Expression ':' Expression
   84           | Expression '?' Expression . ':' Expression

    '?'  shift, and go to state 166
    ':'  shift, and go to state 243


state 209

   54 WorkStatement: T_assert Expression ':' T_string . ';'

    ';'  shift, and go to state 244


state 210

   65 Expression: Term T_eq Term .

    $default  reduce using rule 65 (Expression)


state 211

   64 Expression: Term T_neq Term .

    $default  reduce using rule 64 (Expression)


state 212

   60 Expression: Term T_and Term .

    $default  reduce using rule 60 (Expression)


state 213

   62 Expression: Term T_or Term .

    $default  reduce using rule 62 (Expression)


state 214

   82 Expression: Term T_ge Term .

    $default  reduce using rule 82 (Expression)


state 215

   83 Expression: Term T_le Term .

    $default  reduce using rule 83 (Expression)


state 216

   75 Expression: Term '+' Term .

    $default  reduce using rule 75 (Expression)


state 217

   78 Expression: Term '*' Term .

    $default  reduce using rule 78 (Expression)


state 218

   76 Expression: Term '/' Term .

    $default  reduce using rule 76 (Expression)


state 219

   77 Expression: Term '%' Term .

    $default  reduce using rule 77 (Expression)


state 220

   81 Expression: Term '<' Term .

    $default  reduce using rule 81 (Expression)


state 221

   80 Expression: Term '>' Term .

    $default  reduce using rule 80 (Expression)


state 222

   59 Expression: Term '&' Term .

    $default  reduce using rule 59 (Expression)


state 223

   61 Expression: Term '|' Term .

    $default  reduce using rule 61 (Expression)


state 224

   63 Expression: Term '^' Term .

    $default  reduce using rule 63 (Expression)


state 225

   67 Expression: Term '.' '[' . NegConstant ']'

    T_int    shift, and go to state 57
    T_true   shift, and go to state 58
    T_false  shift, and go to state 59
    '-'      shift, and go to state 62

    NegConstant  go to state 245
    Constant     go to state 66


state 226

   79 Expression: Term '-' Term .

    $default  reduce using rule 79 (Expression)


state 227

   70 Expression: NegConstant '[' '[' . Expression T_arrow Expression ']' ']'
   73           | '[' . T_ident ']' T_leftTC varList T_rightTC

    T_dbl     shift, and go to state 125
    T_int     shift, and go to state 57
    T_ident   shift, and go to state 234
    T_true    shift, and go to state 58
    T_false   shift, and go to state 59
    T_leftAC  shift, and go to state 127
    T_twoS    shift, and go to state 128
    T_Min     shift, and go to state 129
    '<'       shift, and go to state 130
    '!'       shift, and go to state 131
    '['       shift, and go to state 132
    '('       shift, and go to state 133
    '$'       shift, and go to state 134
    '-'       shift, and go to state 135

    Expression   go to state 246
    Term         go to state 137
    NegConstant  go to state 138
    Constant     go to state 139
    Ident        go to state 140


state 228

   68 Expression: NegConstant '[' Expression . ']'
   84           | Expression . '?' Expression ':' Expression

    '?'  shift, and go to state 166
    ']'  shift, and go to state 247


state 229

   56 OptionalMsg: ':' T_string .

    $default  reduce using rule 56 (OptionalMsg)


state 230

   55 WorkStatement: T_assume Expression OptionalMsg ';' .

    $default  reduce using rule 55 (WorkStatement)


state 231

   51 WorkStatement: '$' IdentList T_twoS varList . '$' '[' Expression ']' '=' Expression ';'

    '$'  shift, and go to state 248


state 232

   92 Term: T_ident '[' T_vartype ']' . '(' varList ')' '(' Expression ')' '[' T_ident ',' Constant ']'

    '('  shift, and go to state 249


state 233

   91 Term: T_ident '[' '*' T_ident . ']' '(' varList ')' '(' Expression ')' '[' T_ident ',' Constant ']'

    ']'  shift, and go to state 250


state 234

   66 Expression: T_ident . '[' Expression ']'
   69           | T_ident . '[' '[' Expression T_arrow Expression ']' ']'
   73           | '[' T_ident . ']' T_leftTC varList T_rightTC
   91 Term: T_ident . '[' '*' T_ident ']' '(' varList ')' '(' Expression ')' '[' T_ident ',' Constant ']'
   92     | T_ident . '[' T_vartype ']' '(' varList ')' '(' Expression ')' '[' T_ident ',' Constant ']'
  116 Ident: T_ident .

    '['  shift, and go to state 150
    ']'  shift, and go to state 205

    $default  reduce using rule 116 (Ident)


state 235

   69 Expression: T_ident '[' '[' Expression . T_arrow Expression ']' ']'
   84           | Expression . '?' Expression ':' Expression

    T_arrow  shift, and go to state 251
    '?'      shift, and go to state 166


state 236

   66 Expression: T_ident '[' Expression ']' .

    $default  reduce using rule 66 (Expression)


state 237

  100 Term: T_Min '<' Ident '>' .

    $default  reduce using rule 100 (Term)


state 238

  101 Term: T_Min '<' Ident Constant . '>'
  102     | T_Min '<' Ident Constant . '*' '>'

    '*'  shift, and go to state 252
    '>'  shift, and go to state 253


state 239

   99 Term: '<' Ident Constant '*' . '>'

    '>'  shift, and go to state 254


state 240

   98 Term: '<' Ident Constant '>' .

    $default  reduce using rule 98 (Term)


state 241

   73 Expression: '[' T_ident ']' T_leftTC . varList T_rightTC

    T_dbl    shift, and go to state 125
    T_int    shift, and go to state 57
    T_ident  shift, and go to state 151
    T_true   shift, and go to state 58
    T_false  shift, and go to state 59
    T_Min    shift, and go to state 129
    '<'      shift, and go to state 130
    '!'      shift, and go to state 131
    '('      shift, and go to state 133
    '-'      shift, and go to state 152

    $default  reduce using rule 85 (varList)

    varList   go to state 255
    Term      go to state 154
    Constant  go to state 155
    Ident     go to state 140


state 242

   71 Expression: '$' varList '$' '[' . Expression ']'

    T_dbl     shift, and go to state 125
    T_int     shift, and go to state 57
    T_ident   shift, and go to state 126
    T_true    shift, and go to state 58
    T_false   shift, and go to state 59
    T_leftAC  shift, and go to state 127
    T_twoS    shift, and go to state 128
    T_Min     shift, and go to state 129
    '<'       shift, and go to state 130
    '!'       shift, and go to state 131
    '['       shift, and go to state 132
    '('       shift, and go to state 133
    '$'       shift, and go to state 134
    '-'       shift, and go to state 135

    Expression   go to state 256
    Term         go to state 137
    NegConstant  go to state 138
    Constant     go to state 139
    Ident        go to state 140


state 243

   84 Expression: Expression '?' Expression ':' . Expression

    T_dbl     shift, and go to state 125
    T_int     shift, and go to state 57
    T_ident   shift, and go to state 126
    T_true    shift, and go to state 58
    T_false   shift, and go to state 59
    T_leftAC  shift, and go to state 127
    T_twoS    shift, and go to state 128
    T_Min     shift, and go to state 129
    '<'       shift, and go to state 130
    '!'       shift, and go to state 131
    '['       shift, and go to state 132
    '('       shift, and go to state 133
    '$'       shift, and go to state 134
    '-'       shift, and go to state 135

    Expression   go to state 257
    Term         go to state 137
    NegConstant  go to state 138
    Constant     go to state 139
    Ident        go to state 140


state 244

   54 WorkStatement: T_assert Expression ':' T_string ';' .

    $default  reduce using rule 54 (WorkStatement)


state 245

   67 Expression: Term '.' '[' NegConstant . ']'

    ']'  shift, and go to state 258


state 246

   70 Expression: NegConstant '[' '[' Expression . T_arrow Expression ']' ']'
   84           | Expression . '?' Expression ':' Expression

    T_arrow  shift, and go to state 259
    '?'      shift, and go to state 166


state 247

   68 Expression: NegConstant '[' Expression ']' .

    $default  reduce using rule 68 (Expression)


state 248

   51 WorkStatement: '$' IdentList T_twoS varList '$' . '[' Expression ']' '=' Expression ';'

    '['  shift, and go to state 260


state 249

   92 Term: T_ident '[' T_vartype ']' '(' . varList ')' '(' Expression ')' '[' T_ident ',' Constant ']'

    T_dbl    shift, and go to state 125
    T_int    shift, and go to state 57
    T_ident  shift, and go to state 151
    T_true   shift, and go to state 58
    T_false  shift, and go to state 59
    T_Min    shift, and go to state 129
    '<'      shift, and go to state 130
    '!'      shift, and go to state 131
    '('      shift, and go to state 133
    '-'      shift, and go to state 152

    $default  reduce using rule 85 (varList)

    varList   go to state 261
    Term      go to state 154
    Constant  go to state 155
    Ident     go to state 140


state 250

   91 Term: T_ident '[' '*' T_ident ']' . '(' varList ')' '(' Expression ')' '[' T_ident ',' Constant ']'

    '('  shift, and go to state 262


state 251

   69 Expression: T_ident '[' '[' Expression T_arrow . Expression ']' ']'

    T_dbl     shift, and go to state 125
    T_int     shift, and go to state 57
    T_ident   shift, and go to state 126
    T_true    shift, and go to state 58
    T_false   shift, and go to state 59
    T_leftAC  shift, and go to state 127
    T_twoS    shift, and go to state 128
    T_Min     shift, and go to state 129
    '<'       shift, and go to state 130
    '!'       shift, and go to state 131
    '['       shift, and go to state 132
    '('       shift, and go to state 133
    '$'       shift, and go to state 134
    '-'       shift, and go to state 135

    Expression   go to state 263
    Term         go to state 137
    NegConstant  go to state 138
    Constant     go to state 139
    Ident        go to state 140


state 252

  102 Term: T_Min '<' Ident Constant '*' . '>'

    '>'  shift, and go to state 264


state 253

  101 Term: T_Min '<' Ident Constant '>' .

    $default  reduce using rule 101 (Term)


state 254

   99 Term: '<' Ident Constant '*' '>' .

    $default  reduce using rule 99 (Term)


state 255

   73 Expression: '[' T_ident ']' T_leftTC varList . T_rightTC

    T_rightTC  shift, and go to state 265


state 256

   71 Expression: '$' varList '$' '[' Expression . ']'
   84           | Expression . '?' Expression ':' Expression

    '?'  shift, and go to state 166
    ']'  shift, and go to state 266


state 257

   84 Expression: Expression . '?' Expression ':' Expression
   84           | Expression '?' Expression ':' Expression .

    $default  reduce using rule 84 (Expression)


state 258

   67 Expression: Term '.' '[' NegConstant ']' .

    $default  reduce using rule 67 (Expression)


state 259

   70 Expression: NegConstant '[' '[' Expression T_arrow . Expression ']' ']'

    T_dbl     shift, and go to state 125
    T_int     shift, and go to state 57
    T_ident   shift, and go to state 126
    T_true    shift, and go to state 58
    T_false   shift, and go to state 59
    T_leftAC  shift, and go to state 127
    T_twoS    shift, and go to state 128
    T_Min     shift, and go to state 129
    '<'       shift, and go to state 130
    '!'       shift, and go to state 131
    '['       shift, and go to state 132
    '('       shift, and go to state 133
    '$'       shift, and go to state 134
    '-'       shift, and go to state 135

    Expression   go to state 267
    Term         go to state 137
    NegConstant  go to state 138
    Constant     go to state 139
    Ident        go to state 140


state 260

   51 WorkStatement: '$' IdentList T_twoS varList '$' '[' . Expression ']' '=' Expression ';'

    T_dbl     shift, and go to state 125
    T_int     shift, and go to state 57
    T_ident   shift, and go to state 126
    T_true    shift, and go to state 58
    T_false   shift, and go to state 59
    T_leftAC  shift, and go to state 127
    T_twoS    shift, and go to state 128
    T_Min     shift, and go to state 129
    '<'       shift, and go to state 130
    '!'       shift, and go to state 131
    '['       shift, and go to state 132
    '('       shift, and go to state 133
    '$'       shift, and go to state 134
    '-'       shift, and go to state 135

    Expression   go to state 268
    Term         go to state 137
    NegConstant  go to state 138
    Constant     go to state 139
    Ident        go to state 140


state 261

   92 Term: T_ident '[' T_vartype ']' '(' varList . ')' '(' Expression ')' '[' T_ident ',' Constant ']'

    ')'  shift, and go to state 269


state 262

   91 Term: T_ident '[' '*' T_ident ']' '(' . varList ')' '(' Expression ')' '[' T_ident ',' Constant ']'

    T_dbl    shift, and go to state 125
    T_int    shift, and go to state 57
    T_ident  shift, and go to state 151
    T_true   shift, and go to state 58
    T_false  shift, and go to state 59
    T_Min    shift, and go to state 129
    '<'      shift, and go to state 130
    '!'      shift, and go to state 131
    '('      shift, and go to state 133
    '-'      shift, and go to state 152

    $default  reduce using rule 85 (varList)

    varList   go to state 270
    Term      go to state 154
    Constant  go to state 155
    Ident     go to state 140


state 263

   69 Expression: T_ident '[' '[' Expression T_arrow Expression . ']' ']'
   84           | Expression . '?' Expression ':' Expression

    '?'  shift, and go to state 166
    ']'  shift, and go to state 271


state 264

  102 Term: T_Min '<' Ident Constant '*' '>' .

    $default  reduce using rule 102 (Term)


state 265

   73 Expression: '[' T_ident ']' T_leftTC varList T_rightTC .

    $default  reduce using rule 73 (Expression)


state 266

   71 Expression: '$' varList '$' '[' Expression ']' .

    $default  reduce using rule 71 (Expression)


state 267

   70 Expression: NegConstant '[' '[' Expression T_arrow Expression . ']' ']'
   84           | Expression . '?' Expression ':' Expression

    '?'  shift, and go to state 166
    ']'  shift, and go to state 272


state 268

   51 WorkStatement: '$' IdentList T_twoS varList '$' '[' Expression . ']' '=' Expression ';'
   84 Expression: Expression . '?' Expression ':' Expression

    '?'  shift, and go to state 166
    ']'  shift, and go to state 273


state 269

   92 Term: T_ident '[' T_vartype ']' '(' varList ')' . '(' Expression ')' '[' T_ident ',' Constant ']'

    '('  shift, and go to state 274


state 270

   91 Term: T_ident '[' '*' T_ident ']' '(' varList . ')' '(' Expression ')' '[' T_ident ',' Constant ']'

    ')'  shift, and go to state 275


state 271

   69 Expression: T_ident '[' '[' Expression T_arrow Expression ']' . ']'

    ']'  shift, and go to state 276


state 272

   70 Expression: NegConstant '[' '[' Expression T_arrow Expression ']' . ']'

    ']'  shift, and go to state 277


state 273

   51 WorkStatement: '$' IdentList T_twoS varList '$' '[' Expression ']' . '=' Expression ';'

    '='  shift, and go to state 278


state 274

   92 Term: T_ident '[' T_vartype ']' '(' varList ')' '(' . Expression ')' '[' T_ident ',' Constant ']'

    T_dbl     shift, and go to state 125
    T_int     shift, and go to state 57
    T_ident   shift, and go to state 126
    T_true    shift, and go to state 58
    T_false   shift, and go to state 59
    T_leftAC  shift, and go to state 127
    T_twoS    shift, and go to state 128
    T_Min     shift, and go to state 129
    '<'       shift, and go to state 130
    '!'       shift, and go to state 131
    '['       shift, and go to state 132
    '('       shift, and go to state 133
    '$'       shift, and go to state 134
    '-'       shift, and go to state 135

    Expression   go to state 279
    Term         go to state 137
    NegConstant  go to state 138
    Constant     go to state 139
    Ident        go to state 140


state 275

   91 Term: T_ident '[' '*' T_ident ']' '(' varList ')' . '(' Expression ')' '[' T_ident ',' Constant ']'

    '('  shift, and go to state 280


state 276

   69 Expression: T_ident '[' '[' Expression T_arrow Expression ']' ']' .

    $default  reduce using rule 69 (Expression)


state 277

   70 Expression: NegConstant '[' '[' Expression T_arrow Expression ']' ']' .

    $default  reduce using rule 70 (Expression)


state 278

   51 WorkStatement: '$' IdentList T_twoS varList '$' '[' Expression ']' '=' . Expression ';'

    T_dbl     shift, and go to state 125
    T_int     shift, and go to state 57
    T_ident   shift, and go to state 126
    T_true    shift, and go to state 58
    T_false   shift, and go to state 59
    T_leftAC  shift, and go to state 127
    T_twoS    shift, and go to state 128
    T_Min     shift, and go to state 129
    '<'       shift, and go to state 130
    '!'       shift, and go to state 131
    '['       shift, and go to state 132
    '('       shift, and go to state 133
    '$'       shift, and go to state 134
    '-'       shift, and go to state 135

    Expression   go to state 281
    Term         go to state 137
    NegConstant  go to state 138
    Constant     go to state 139
    Ident        go to state 140


state 279

   84 Expression: Expression . '?' Expression ':' Expression
   92 Term: T_ident '[' T_vartype ']' '(' varList ')' '(' Expression . ')' '[' T_ident ',' Constant ']'

    '?'  shift, and go to state 166
    ')'  shift, and go to state 282


state 280

   91 Term: T_ident '[' '*' T_ident ']' '(' varList ')' '(' . Expression ')' '[' T_ident ',' Constant ']'

    T_dbl     shift, and go to state 125
    T_int     shift, and go to state 57
    T_ident   shift, and go to state 126
    T_true    shift, and go to state 58
    T_false   shift, and go to state 59
    T_leftAC  shift, and go to state 127
    T_twoS    shift, and go to state 128
    T_Min     shift, and go to state 129
    '<'       shift, and go to state 130
    '!'       shift, and go to state 131
    '['       shift, and go to state 132
    '('       shift, and go to state 133
    '$'       shift, and go to state 134
    '-'       shift, and go to state 135

    Expression   go to state 283
    Term         go to state 137
    NegConstant  go to state 138
    Constant     go to state 139
    Ident        go to state 140


state 281

   51 WorkStatement: '$' IdentList T_twoS varList '$' '[' Expression ']' '=' Expression . ';'
   84 Expression: Expression . '?' Expression ':' Expression

    '?'  shift, and go to state 166
    ';'  shift, and go to state 284


state 282

   92 Term: T_ident '[' T_vartype ']' '(' varList ')' '(' Expression ')' . '[' T_ident ',' Constant ']'

    '['  shift, and go to state 285


state 283

   84 Expression: Expression . '?' Expression ':' Expression
   91 Term: T_ident '[' '*' T_ident ']' '(' varList ')' '(' Expression . ')' '[' T_ident ',' Constant ']'

    '?'  shift, and go to state 166
    ')'  shift, and go to state 286


state 284

   51 WorkStatement: '$' IdentList T_twoS varList '$' '[' Expression ']' '=' Expression ';' .

    $default  reduce using rule 51 (WorkStatement)


state 285

   92 Term: T_ident '[' T_vartype ']' '(' varList ')' '(' Expression ')' '[' . T_ident ',' Constant ']'

    T_ident  shift, and go to state 287


state 286

   91 Term: T_ident '[' '*' T_ident ']' '(' varList ')' '(' Expression ')' . '[' T_ident ',' Constant ']'

    '['  shift, and go to state 288


state 287

   92 Term: T_ident '[' T_vartype ']' '(' varList ')' '(' Expression ')' '[' T_ident . ',' Constant ']'

    ','  shift, and go to state 289


state 288

   91 Term: T_ident '[' '*' T_ident ']' '(' varList ')' '(' Expression ')' '[' . T_ident ',' Constant ']'

    T_ident  shift, and go to state 290


state 289

   92 Term: T_ident '[' T_vartype ']' '(' varList ')' '(' Expression ')' '[' T_ident ',' . Constant ']'

    T_int    shift, and go to state 57
    T_true   shift, and go to state 58
    T_false  shift, and go to state 59

    Constant  go to state 291


state 290

   91 Term: T_ident '[' '*' T_ident ']' '(' varList ')' '(' Expression ')' '[' T_ident . ',' Constant ']'

    ','  shift, and go to state 292


state 291

   92 Term: T_ident '[' T_vartype ']' '(' varList ')' '(' Expression ')' '[' T_ident ',' Constant . ']'

    ']'  shift, and go to state 293


state 292

   91 Term: T_ident '[' '*' T_ident ']' '(' varList ')' '(' Expression ')' '[' T_ident ',' . Constant ']'

    T_int    shift, and go to state 57
    T_true   shift, and go to state 58
    T_false  shift, and go to state 59

    Constant  go to state 294


state 293

   92 Term: T_ident '[' T_vartype ']' '(' varList ')' '(' Expression ')' '[' T_ident ',' Constant ']' .

    $default  reduce using rule 92 (Term)


state 294

   91 Term: T_ident '[' '*' T_ident ']' '(' varList ')' '(' Expression ')' '[' T_ident ',' Constant . ']'

    ']'  shift, and go to state 295


state 295

   91 Term: T_ident '[' '*' T_ident ']' '(' varList ')' '(' Expression ')' '[' T_ident ',' Constant ']' .

    $default  reduce using rule 91 (Term)
